<?xml version="1.0" encoding="UTF-8"?>
<!-- Generated by org.testng.reporters.JUnitReportReporter -->
<testsuite hostname="DESKTOP-T0QQ9KJ" failures="0" tests="1" name="com.qa.TestLayer.CreateAccountTestPage" time="46.078" errors="0" timestamp="2023-01-14T12:52:46 IST" skipped="0">
  <testcase classname="com.qa.TestLayer.CreateAccountTestPage" name="VerifyAccountCreation" time="46.078"/>
  <system-out/>
</testsuite> <!-- com.qa.TestLayer.CreateAccountTestPage -->
