<?xml version="1.0" encoding="UTF-8"?>
<!-- Generated by org.testng.reporters.JUnitReportReporter -->
<testsuite hostname="DESKTOP-T0QQ9KJ" failures="0" tests="13" name="com.qa.TestLayer.Test_Amazon_SignUp_Page" time="514.048" errors="0" timestamp="2023-01-14T19:34:59 IST" skipped="0">
  <testcase classname="com.qa.TestLayer.Test_Amazon_SignUp_Page" name="check_SignInPage" time="24.975"/>
  <system-out/>
  <testcase classname="com.qa.TestLayer.Test_Amazon_SignUp_Page" name="verify_SignIn_WithValidCredentials" time="46.293"/>
  <system-out/>
  <testcase classname="com.qa.TestLayer.Test_Amazon_SignUp_Page" name="verify_SignIn_WithValidEmailAndInvalidPassword" time="29.370"/>
  <system-out/>
  <testcase classname="com.qa.TestLayer.Test_Amazon_SignUp_Page" name="verify_SignIn_WithInvalidEmailAndValidPassword" time="25.994"/>
  <system-out/>
  <testcase classname="com.qa.TestLayer.Test_Amazon_SignUp_Page" name="check_lnk1_ConditionsOfUse" time="29.161"/>
  <system-out/>
  <testcase classname="com.qa.TestLayer.Test_Amazon_SignUp_Page" name="check_lnk1_PrivacyNotice" time="24.483"/>
  <system-out/>
  <testcase classname="com.qa.TestLayer.Test_Amazon_SignUp_Page" name="check_lnk_ForgotPassword" time="18.038"/>
  <system-out/>
  <testcase classname="com.qa.TestLayer.Test_Amazon_SignUp_Page" name="check_lnk_OtherIssues" time="19.033"/>
  <system-out/>
  <testcase classname="com.qa.TestLayer.Test_Amazon_SignUp_Page" name="check_lnk_CreateYourAmazonAccount" time="144.603"/>
  <system-out/>
  <testcase classname="com.qa.TestLayer.Test_Amazon_SignUp_Page" name="check_lnk2_ConditionsOfUse" time="61.522"/>
  <system-out/>
  <testcase classname="com.qa.TestLayer.Test_Amazon_SignUp_Page" name="check_lnk2_PrivacyNotice" time="30.962"/>
  <system-out/>
  <testcase classname="com.qa.TestLayer.Test_Amazon_SignUp_Page" name="check_lnk_Help" time="43.372"/>
  <system-out/>
  <testcase classname="com.qa.TestLayer.Test_Amazon_SignUp_Page" name="check_AmazonLogo" time="16.242"/>
  <system-out/>
</testsuite> <!-- com.qa.TestLayer.Test_Amazon_SignUp_Page -->
